2023-07-07 14:51:47,080 - register.views - INFO - sucessfully display the page
2023-07-07 14:52:46,044 - register.views - INFO - Successfully registered
2023-07-07 14:53:53,764 - register.views - INFO - ArunJoy (1).pdf added to HDFS
2023-07-07 14:53:54,000 - register.views - INFO - Data upload initiated
2023-07-07 14:53:54,228 - register.views - ERROR - Failed to upload data to Kafka. Error: Object of type ObjectId is not JSON serializable
2023-07-07 14:59:01,540 - register.views - INFO - Afitha's Resume (2).pdf added to HDFS
2023-07-07 14:59:02,261 - register.views - INFO - Data upload initiated
2023-07-07 14:59:02,679 - register.views - ERROR - Failed to upload data to Kafka. Error: 
2023-07-07 15:02:34,839 - register.views - INFO - Athira K Prasad official.pdf added to HDFS
2023-07-07 15:02:35,557 - register.views - INFO - Data upload initiated
2023-07-07 15:02:35,558 - register.views - ERROR - name 'st' is not defined
2023-07-07 15:02:35,968 - register.views - ERROR - Failed to upload data to Kafka. Error: Object of type ObjectId is not JSON serializable
2023-07-07 15:13:08,706 - register.views - INFO - GowriLalu_Resume_2023.pdf added to HDFS
2023-07-07 15:13:09,421 - register.views - INFO - Data upload initiated
2023-07-07 15:13:09,937 - register.views - ERROR - Failed to upload data to Kafka. Error: Object of type ObjectId is not JSON serializable
2023-07-07 15:14:02,171 - register.views - INFO - sucessfully display the page
2023-07-07 15:24:36,411 - register.views - INFO - sucessfully display the page
2023-07-07 15:25:09,810 - register.views - INFO - Successfully registered
2023-07-07 15:25:50,976 - register.views - INFO - GowriLalu_Resume_2023.pdf added to HDFS
2023-07-07 15:25:51,695 - register.views - INFO - Data upload initiated
2023-07-07 15:25:52,122 - register.views - ERROR - Failed to upload data to Kafka. Error: Object of type ObjectId is not JSON serializable
2023-07-07 15:27:38,394 - register.views - INFO - Jeena Babu Resume.pdf added to HDFS
2023-07-07 15:27:38,804 - register.views - INFO - Data upload initiated
2023-07-07 15:27:39,237 - register.views - ERROR - Failed to upload data to Kafka. Error: Object of type ObjectId is not JSON serializable
2023-07-07 15:30:07,081 - register.views - INFO - ArunJoy (1).pdf added to HDFS
2023-07-07 15:30:07,603 - register.views - INFO - Data upload initiated
2023-07-07 15:30:07,957 - register.views - ERROR - Failed to upload data to Kafka. Error: Object of type ObjectId is not JSON serializable
2023-07-07 15:31:42,897 - register.views - INFO - keerthi k m .pdf added to HDFS
2023-07-07 15:31:43,311 - register.views - INFO - Data upload initiated
2023-07-07 15:31:43,752 - register.views - ERROR - Failed to upload data to Kafka. Error: Object of type ObjectId is not JSON serializable
2023-07-07 15:33:03,115 - register.views - INFO - anuvind resume.pdf added to HDFS
2023-07-07 15:33:03,118 - register.views - ERROR - name 'my' is not defined
2023-07-07 15:40:51,503 - register.views - INFO - sucessfully display the page
2023-07-07 15:41:22,418 - register.views - INFO - Successfully registered
2023-07-07 15:41:47,823 - register.views - INFO - Laya Augustine Resume.pdf added to HDFS
2023-07-07 15:41:47,924 - register.views - INFO - Data upload initiated
2023-07-07 15:41:48,125 - register.views - ERROR - Failed to upload data to Kafka. Error: Object of type ObjectId is not JSON serializable
2023-07-07 15:43:42,873 - register.views - INFO - sucessfully display the page
2023-07-07 15:44:16,798 - register.views - INFO - Successfully registered
2023-07-07 15:45:14,550 - register.views - INFO - Jeena Babu Resume.pdf added to HDFS
2023-07-07 15:45:14,811 - register.views - INFO - Data upload initiated
2023-07-07 15:45:16,183 - register.views - ERROR - Failed to upload data to Kafka. Error: Object of type ObjectId is not JSON serializable
2023-07-07 15:52:43,584 - register.views - INFO - sucessfully display the page
2023-07-07 15:53:44,905 - register.views - INFO - Successfully registered
2023-07-07 15:54:10,093 - register.views - INFO - Shaheeb Data analyst.pdf added to HDFS
2023-07-07 15:54:10,094 - register.views - ERROR - document must be an instance of dict, bson.son.SON, bson.raw_bson.RawBSONDocument, or a type that inherits from collections.MutableMapping
2023-07-07 16:04:37,755 - register.views - INFO - sucessfully display the page
2023-07-07 16:05:08,717 - register.views - INFO - Successfully registered
2023-07-07 16:05:35,956 - register.views - INFO - GowriLalu_Resume_2023.pdf added to HDFS
2023-07-07 16:05:36,217 - register.views - INFO - Data upload initiated
2023-07-07 16:07:42,326 - register.views - INFO - sucessfully display the page
2023-07-07 16:08:42,830 - register.views - INFO - Successfully registered
2023-07-07 16:09:09,070 - register.views - INFO - Jenicks_CV(1).pdf added to HDFS
2023-07-07 16:09:09,227 - register.views - INFO - Data upload initiated
2023-07-07 16:09:09,460 - register.views - ERROR - Failed to upload data to Kafka. Error: Object of type ObjectId is not JSON serializable
2023-07-07 16:10:32,908 - register.views - INFO - anuvind resume.pdf added to HDFS
2023-07-07 16:10:33,217 - register.views - INFO - Data upload initiated
2023-07-07 16:10:33,444 - register.views - ERROR - Failed to upload data to Kafka. Error: Object of type ObjectId is not JSON serializable
2023-07-07 16:14:57,302 - register.views - INFO - anuvind resume.pdf added to HDFS
2023-07-07 16:14:57,915 - register.views - INFO - Data upload initiated
2023-07-07 16:14:58,326 - register.views - ERROR - Failed to upload data to Kafka. Error: 
2023-07-07 16:16:53,571 - register.views - INFO - anuvind resume.pdf added to HDFS
2023-07-07 16:16:53,933 - register.views - INFO - Data upload initiated
2023-07-07 16:16:54,452 - register.views - INFO - Message produced successfully
2023-07-07 16:16:54,453 - register.views - ERROR - Failed to upload data to Kafka. Error: 'KafkaProducer' object has no attribute 'get'
2023-07-07 16:21:09,855 - register.views - INFO - Laya Augustine Resume.pdf added to HDFS
2023-07-07 16:21:10,008 - register.views - INFO - Data upload initiated
2023-07-07 16:21:10,375 - register.views - INFO - Message produced successfully
2023-07-07 16:21:10,376 - register.views - ERROR - Failed to upload data to Kafka. Error: 'KafkaProducer' object has no attribute 'get'
2023-07-10 10:55:26,924 - register.views - INFO - sucessfully display the page
2023-07-10 10:56:32,285 - register.views - INFO - Successfully registered
2023-07-10 10:59:16,103 - register.views - INFO - Laya Augustine Resume.pdf added to HDFS
2023-07-10 10:59:16,361 - register.views - INFO - Data upload initiated
2023-07-10 10:59:17,645 - register.views - INFO - Message produced successfully
2023-07-10 10:59:17,646 - register.views - ERROR - Failed to upload data to Kafka. Error: 'KafkaProducer' object has no attribute 'error'
2023-07-10 11:03:35,574 - register.views - INFO - sucessfully display the page
2023-07-10 11:04:12,886 - register.views - INFO - Successfully registered
2023-07-10 11:04:45,551 - register.views - INFO - Shaheeb Data analyst.pdf added to HDFS
2023-07-10 11:04:45,859 - register.views - INFO - Data upload initiated
2023-07-10 11:04:46,367 - register.views - INFO - Message produced successfully
2023-07-10 11:04:46,367 - register.views - INFO - Data uploaded to Kafka successfully!
2023-07-10 11:08:17,909 - register.views - INFO - sucessfully display the page
2023-07-10 11:08:47,253 - register.views - INFO - Successfully registered
2023-07-10 11:09:27,187 - register.views - INFO - GowriLalu_Resume_2023.pdf added to HDFS
2023-07-10 11:09:27,562 - register.views - INFO - Data upload initiated
2023-07-10 11:09:29,598 - register.views - ERROR - Failed to upload data to Kafka. Error: NoBrokersAvailable
2023-07-10 11:11:08,358 - register.views - INFO - Jenicks_CV(1).pdf added to HDFS
2023-07-10 11:11:08,521 - register.views - INFO - Data upload initiated
2023-07-10 11:11:12,034 - register.views - INFO - Message produced successfully
2023-07-10 11:11:12,034 - register.views - INFO - Data uploaded to Kafka successfully!
2023-07-21 20:18:57,564 - register.views - INFO - sucessfully display the page
2023-07-21 20:19:40,502 - register.views - INFO - sucessfully display the page
2023-07-21 20:20:11,857 - register.views - INFO - Successfully registered
2023-07-25 11:33:22,475 - register.views - INFO - sucessfully display the page
2023-07-25 11:34:16,527 - register.views - INFO - Successfully registered
2023-07-25 11:47:43,021 - register.views - INFO - sucessfully display the page
2023-07-25 12:27:12,317 - register.views - INFO - sucessfully display the page
2023-07-25 12:27:26,081 - register.views - INFO - sucessfully display the page
2023-07-25 12:28:19,976 - register.views - INFO - Successfully registered
2023-07-25 14:51:00,473 - register.views - INFO - sucessfully display the page
2023-08-03 15:08:41,024 - register.views - INFO - sucessfully display the page
2023-08-03 15:15:35,418 - register.views - INFO - Successfully registered
2023-08-03 15:18:15,690 - register.views - ERROR - Failed to parse: http:// localhost:9864/webhdfs/v1/cv/afitharesum.pdf?op=CREATE&user.name=ubuntu&namenoderpcaddress=localhost:9000&createflag=&createparent=true&overwrite=true
